<?xml version="1.0" encoding="UTF-8"?>
<testsuite xmlns:xsi="http://www.w3.org/2001/XMLSchema-instance" xsi:noNamespaceSchemaLocation="https://maven.apache.org/surefire/maven-surefire-plugin/xsd/surefire-test-report-3.0.xsd" version="3.0" name="com.wallet.tests.concurrency.TransferConcurrencyTests" time="0.061" tests="6" errors="6" skipped="0" failures="0">
  <properties>
[...]
</properties>
  <testcase name="competingTransfers_onlyOneSucceeds_whenBalanceAllowsOne" classname="com.wallet.tests.concurrency.TransferConcurrencyTests" time="0.003">
    <error message="Could not initialize class com.wallet.config.TestContainersConfig" type="java.lang.NoClassDefFoundError"><![CDATA[java.lang.NoClassDefFoundError: Could not initialize class com.wallet.config.TestContainersConfig
	at com.wallet.db.DbClient.<init>(DbClient.java:30)
	at com.wallet.tests.BaseIntegrationTest.baseSetUp(BaseIntegrationTest.java:55)
	at java.base/java.lang.reflect.Method.invoke(Method.java:565)
	at java.base/java.util.ArrayList.forEach(ArrayList.java:1612)
	at java.base/java.util.ArrayList.forEach(ArrayList.java:1612)
	Suppressed: java.lang.NullPointerException: Cannot invoke "com.wallet.fixtures.TestCleanup.rollback()" because "this.cleanup" is null
		at com.wallet.tests.BaseIntegrationTest.baseTearDown(BaseIntegrationTest.java:75)
		... 3 more
Caused by: java.lang.ExceptionInInitializerError: Exception java.lang.IllegalStateException: Could not find a valid Docker environment. Please see logs and check configuration [in thread "main"]
	at org.testcontainers.dockerclient.DockerClientProviderStrategy.lambda$getFirstValidStrategy$7(DockerClientProviderStrategy.java:277)
	at java.base/java.util.Optional.orElseThrow(Optional.java:407)
	at org.testcontainers.dockerclient.DockerClientProviderStrategy.getFirstValidStrategy(DockerClientProviderStrategy.java:268)
	at org.testcontainers.DockerClientFactory.getOrInitializeStrategy(DockerClientFactory.java:152)
	at org.testcontainers.DockerClientFactory.client(DockerClientFactory.java:194)
	at org.testcontainers.DockerClientFactory$1.getDockerClient(DockerClientFactory.java:106)
	at com.github.dockerjava.api.DockerClientDelegate.authConfig(DockerClientDelegate.java:109)
	at org.testcontainers.containers.GenericContainer.start(GenericContainer.java:329)
	at com.wallet.config.TestContainersConfig.<clinit>(TestContainersConfig.java:35)
	... 5 more
]]></error>
  </testcase>
  <testcase name="competingTransfers_partialBatch_noOverdraft" classname="com.wallet.tests.concurrency.TransferConcurrencyTests" time="0.005">
    <error message="Could not initialize class com.wallet.config.TestContainersConfig" type="java.lang.NoClassDefFoundError"><![CDATA[java.lang.NoClassDefFoundError: Could not initialize class com.wallet.config.TestContainersConfig
	at com.wallet.db.DbClient.<init>(DbClient.java:30)
	at com.wallet.tests.BaseIntegrationTest.baseSetUp(BaseIntegrationTest.java:55)
	at java.base/java.lang.reflect.Method.invoke(Method.java:565)
	at java.base/java.util.ArrayList.forEach(ArrayList.java:1612)
	at java.base/java.util.ArrayList.forEach(ArrayList.java:1612)
	Suppressed: java.lang.NullPointerException: Cannot invoke "com.wallet.fixtures.TestCleanup.rollback()" because "this.cleanup" is null
		at com.wallet.tests.BaseIntegrationTest.baseTearDown(BaseIntegrationTest.java:75)
		... 3 more
Caused by: java.lang.ExceptionInInitializerError: Exception java.lang.IllegalStateException: Could not find a valid Docker environment. Please see logs and check configuration [in thread "main"]
	at org.testcontainers.dockerclient.DockerClientProviderStrategy.lambda$getFirstValidStrategy$7(DockerClientProviderStrategy.java:277)
	at java.base/java.util.Optional.orElseThrow(Optional.java:407)
	at org.testcontainers.dockerclient.DockerClientProviderStrategy.getFirstValidStrategy(DockerClientProviderStrategy.java:268)
	at org.testcontainers.DockerClientFactory.getOrInitializeStrategy(DockerClientFactory.java:152)
	at org.testcontainers.DockerClientFactory.client(DockerClientFactory.java:194)
	at org.testcontainers.DockerClientFactory$1.getDockerClient(DockerClientFactory.java:106)
	at com.github.dockerjava.api.DockerClientDelegate.authConfig(DockerClientDelegate.java:109)
	at org.testcontainers.containers.GenericContainer.start(GenericContainer.java:329)
	at com.wallet.config.TestContainersConfig.<clinit>(TestContainersConfig.java:35)
	... 5 more
]]></error>
  </testcase>
  <testcase name="competingTransfers_insufficientTotal_noOverdraft" classname="com.wallet.tests.concurrency.TransferConcurrencyTests" time="0.004">
    <error message="Could not initialize class com.wallet.config.TestContainersConfig" type="java.lang.NoClassDefFoundError"><![CDATA[java.lang.NoClassDefFoundError: Could not initialize class com.wallet.config.TestContainersConfig
	at com.wallet.db.DbClient.<init>(DbClient.java:30)
	at com.wallet.tests.BaseIntegrationTest.baseSetUp(BaseIntegrationTest.java:55)
	at java.base/java.lang.reflect.Method.invoke(Method.java:565)
	at java.base/java.util.ArrayList.forEach(ArrayList.java:1612)
	at java.base/java.util.ArrayList.forEach(ArrayList.java:1612)
	Suppressed: java.lang.NullPointerException: Cannot invoke "com.wallet.fixtures.TestCleanup.rollback()" because "this.cleanup" is null
		at com.wallet.tests.BaseIntegrationTest.baseTearDown(BaseIntegrationTest.java:75)
		... 3 more
Caused by: java.lang.ExceptionInInitializerError: Exception java.lang.IllegalStateException: Could not find a valid Docker environment. Please see logs and check configuration [in thread "main"]
	at org.testcontainers.dockerclient.DockerClientProviderStrategy.lambda$getFirstValidStrategy$7(DockerClientProviderStrategy.java:277)
	at java.base/java.util.Optional.orElseThrow(Optional.java:407)
	at org.testcontainers.dockerclient.DockerClientProviderStrategy.getFirstValidStrategy(DockerClientProviderStrategy.java:268)
	at org.testcontainers.DockerClientFactory.getOrInitializeStrategy(DockerClientFactory.java:152)
	at org.testcontainers.DockerClientFactory.client(DockerClientFactory.java:194)
	at org.testcontainers.DockerClientFactory$1.getDockerClient(DockerClientFactory.java:106)
	at com.github.dockerjava.api.DockerClientDelegate.authConfig(DockerClientDelegate.java:109)
	at org.testcontainers.containers.GenericContainer.start(GenericContainer.java:329)
	at com.wallet.config.TestContainersConfig.<clinit>(TestContainersConfig.java:35)
	... 5 more
]]></error>
  </testcase>
  <testcase name="independentConcurrentTransfers_allSucceed" classname="com.wallet.tests.concurrency.TransferConcurrencyTests" time="0.004">
    <error message="Could not initialize class com.wallet.config.TestContainersConfig" type="java.lang.NoClassDefFoundError"><![CDATA[java.lang.NoClassDefFoundError: Could not initialize class com.wallet.config.TestContainersConfig
	at com.wallet.db.DbClient.<init>(DbClient.java:30)
	at com.wallet.tests.BaseIntegrationTest.baseSetUp(BaseIntegrationTest.java:55)
	at java.base/java.lang.reflect.Method.invoke(Method.java:565)
	at java.base/java.util.ArrayList.forEach(ArrayList.java:1612)
	at java.base/java.util.ArrayList.forEach(ArrayList.java:1612)
	Suppressed: java.lang.NullPointerException: Cannot invoke "com.wallet.fixtures.TestCleanup.rollback()" because "this.cleanup" is null
		at com.wallet.tests.BaseIntegrationTest.baseTearDown(BaseIntegrationTest.java:75)
		... 3 more
Caused by: java.lang.ExceptionInInitializerError: Exception java.lang.IllegalStateException: Could not find a valid Docker environment. Please see logs and check configuration [in thread "main"]
	at org.testcontainers.dockerclient.DockerClientProviderStrategy.lambda$getFirstValidStrategy$7(DockerClientProviderStrategy.java:277)
	at java.base/java.util.Optional.orElseThrow(Optional.java:407)
	at org.testcontainers.dockerclient.DockerClientProviderStrategy.getFirstValidStrategy(DockerClientProviderStrategy.java:268)
	at org.testcontainers.DockerClientFactory.getOrInitializeStrategy(DockerClientFactory.java:152)
	at org.testcontainers.DockerClientFactory.client(DockerClientFactory.java:194)
	at org.testcontainers.DockerClientFactory$1.getDockerClient(DockerClientFactory.java:106)
	at com.github.dockerjava.api.DockerClientDelegate.authConfig(DockerClientDelegate.java:109)
	at org.testcontainers.containers.GenericContainer.start(GenericContainer.java:329)
	at com.wallet.config.TestContainersConfig.<clinit>(TestContainersConfig.java:35)
	... 5 more
]]></error>
  </testcase>
  <testcase name="getWallet_afterConcurrentTransfers_returnsConsistentBalance" classname="com.wallet.tests.concurrency.TransferConcurrencyTests" time="0.003">
    <error message="Could not initialize class com.wallet.config.TestContainersConfig" type="java.lang.NoClassDefFoundError"><![CDATA[java.lang.NoClassDefFoundError: Could not initialize class com.wallet.config.TestContainersConfig
	at com.wallet.db.DbClient.<init>(DbClient.java:30)
	at com.wallet.tests.BaseIntegrationTest.baseSetUp(BaseIntegrationTest.java:55)
	at java.base/java.lang.reflect.Method.invoke(Method.java:565)
	at java.base/java.util.ArrayList.forEach(ArrayList.java:1612)
	at java.base/java.util.ArrayList.forEach(ArrayList.java:1612)
	Suppressed: java.lang.NullPointerException: Cannot invoke "com.wallet.fixtures.TestCleanup.rollback()" because "this.cleanup" is null
		at com.wallet.tests.BaseIntegrationTest.baseTearDown(BaseIntegrationTest.java:75)
		... 3 more
Caused by: java.lang.ExceptionInInitializerError: Exception java.lang.IllegalStateException: Could not find a valid Docker environment. Please see logs and check configuration [in thread "main"]
	at org.testcontainers.dockerclient.DockerClientProviderStrategy.lambda$getFirstValidStrategy$7(DockerClientProviderStrategy.java:277)
	at java.base/java.util.Optional.orElseThrow(Optional.java:407)
	at org.testcontainers.dockerclient.DockerClientProviderStrategy.getFirstValidStrategy(DockerClientProviderStrategy.java:268)
	at org.testcontainers.DockerClientFactory.getOrInitializeStrategy(DockerClientFactory.java:152)
	at org.testcontainers.DockerClientFactory.client(DockerClientFactory.java:194)
	at org.testcontainers.DockerClientFactory$1.getDockerClient(DockerClientFactory.java:106)
	at com.github.dockerjava.api.DockerClientDelegate.authConfig(DockerClientDelegate.java:109)
	at org.testcontainers.containers.GenericContainer.start(GenericContainer.java:329)
	at com.wallet.config.TestContainersConfig.<clinit>(TestContainersConfig.java:35)
	... 5 more
]]></error>
  </testcase>
  <testcase name="concurrentIdempotentSubmissions_oneDebitAllSucceed" classname="com.wallet.tests.concurrency.TransferConcurrencyTests" time="0.021">
    <error message="Could not initialize class com.wallet.config.TestContainersConfig" type="java.lang.NoClassDefFoundError"><![CDATA[java.lang.NoClassDefFoundError: Could not initialize class com.wallet.config.TestContainersConfig
	at com.wallet.db.DbClient.<init>(DbClient.java:30)
	at com.wallet.tests.BaseIntegrationTest.baseSetUp(BaseIntegrationTest.java:55)
	at java.base/java.lang.reflect.Method.invoke(Method.java:565)
	at java.base/java.util.ArrayList.forEach(ArrayList.java:1612)
	at java.base/java.util.ArrayList.forEach(ArrayList.java:1612)
	Suppressed: java.lang.NullPointerException: Cannot invoke "com.wallet.fixtures.TestCleanup.rollback()" because "this.cleanup" is null
		at com.wallet.tests.BaseIntegrationTest.baseTearDown(BaseIntegrationTest.java:75)
		... 3 more
Caused by: java.lang.ExceptionInInitializerError: Exception java.lang.IllegalStateException: Could not find a valid Docker environment. Please see logs and check configuration [in thread "main"]
	at org.testcontainers.dockerclient.DockerClientProviderStrategy.lambda$getFirstValidStrategy$7(DockerClientProviderStrategy.java:277)
	at java.base/java.util.Optional.orElseThrow(Optional.java:407)
	at org.testcontainers.dockerclient.DockerClientProviderStrategy.getFirstValidStrategy(DockerClientProviderStrategy.java:268)
	at org.testcontainers.DockerClientFactory.getOrInitializeStrategy(DockerClientFactory.java:152)
	at org.testcontainers.DockerClientFactory.client(DockerClientFactory.java:194)
	at org.testcontainers.DockerClientFactory$1.getDockerClient(DockerClientFactory.java:106)
	at com.github.dockerjava.api.DockerClientDelegate.authConfig(DockerClientDelegate.java:109)
	at org.testcontainers.containers.GenericContainer.start(GenericContainer.java:329)
	at com.wallet.config.TestContainersConfig.<clinit>(TestContainersConfig.java:35)
	... 5 more
]]></error>
  </testcase>
</testsuite>