<?xml version="1.0" encoding="UTF-8"?>
<testsuite xmlns:xsi="http://www.w3.org/2001/XMLSchema-instance" xsi:noNamespaceSchemaLocation="https://maven.apache.org/surefire/maven-surefire-plugin/xsd/surefire-test-report-3.0.xsd" version="3.0" name="tests.TransferTest" time="3.602" tests="26" errors="0" skipped="0" failures="0">
  <properties>
[...]
</properties>
  <testcase name="testNegativeTransferAmount" classname="tests.TransferTest" time="0.221">
    <system-out><![CDATA[Test database reset successfully!
database tables created successfully!
test wallets created successfully!
Test database setup completed!
Negative transfer amount handled successfully!
Negative amount transfer was not persisted!
]]></system-out>
  </testcase>
  <testcase name="testConcurrentTransfers" classname="tests.TransferTest" time="0.137">
    <system-out><![CDATA[Test database reset successfully!
database tables created successfully!
test wallets created successfully!
Test database setup completed!
Transfer completed successfully!
Transfer completed successfully!
Concurrent transfers handled successfully!
Final wallet 1 balance = 800.00
Final wallet 2 balance = 700.00
]]></system-out>
  </testcase>
  <testcase name="testZeroTransferAmount" classname="tests.TransferTest" time="0.155">
    <system-out><![CDATA[Test database reset successfully!
database tables created successfully!
test wallets created successfully!
Test database setup completed!
Zero transfer amount handled successfully!
]]></system-out>
  </testcase>
  <testcase name="testConcurrentDuplicateTransfers" classname="tests.TransferTest" time="0.179">
    <system-out><![CDATA[Test database reset successfully!
database tables created successfully!
test wallets created successfully!
Test database setup completed!
Transfer completed successfully!
Duplicate transfer detected during concurrent processing. Transfer ignored.
Concurrent duplicate transfers handled successfully!
Final wallet 1 balance = 900.00
Final wallet 2 balance = 600.00
]]></system-out>
  </testcase>
  <testcase name="testRollbackWhenTransferPersistenceFails" classname="tests.TransferTest" time="0.203">
    <system-out><![CDATA[Test database reset successfully!
database tables created successfully!
test wallets created successfully!
Test database setup completed!
Transfer persistence failure handled successfully!
Wallet balances remained unchanged after rollback!
Failed transfer was not persisted!
]]></system-out>
  </testcase>
  <testcase name="testFailedTransferIsNotPersisted" classname="tests.TransferTest" time="0.099">
    <system-out><![CDATA[Test database reset successfully!
database tables created successfully!
test wallets created successfully!
Test database setup completed!
Insufficient balance handled successfully!
Failed transfer was not persisted!
]]></system-out>
  </testcase>
  <testcase name="testSameSourceAndDestinationWallet" classname="tests.TransferTest" time="0.125">
    <system-out><![CDATA[Test database reset successfully!
database tables created successfully!
test wallets created successfully!
Test database setup completed!
Same source and destination wallet handled successfully!
]]></system-out>
  </testcase>
  <testcase name="testInvalidTransferAmount" classname="tests.TransferTest" time="0.098">
    <system-out><![CDATA[Test database reset successfully!
database tables created successfully!
test wallets created successfully!
Test database setup completed!
Invalid transfer amount handled successfully!
]]></system-out>
  </testcase>
  <testcase name="testTransferRecordDetails" classname="tests.TransferTest" time="0.112">
    <system-out><![CDATA[Test database reset successfully!
database tables created successfully!
test wallets created successfully!
Test database setup completed!
Transfer completed successfully!
Complete transfer record verified successfully!
]]></system-out>
  </testcase>
  <testcase name="testTransferPersistence" classname="tests.TransferTest" time="0.11">
    <system-out><![CDATA[Test database reset successfully!
database tables created successfully!
test wallets created successfully!
Test database setup completed!
Transfer completed successfully!
Transfer persistence verified successfully!
]]></system-out>
  </testcase>
  <testcase name="testNullIdempotencyKey" classname="tests.TransferTest" time="0.128">
    <system-out><![CDATA[Test database reset successfully!
database tables created successfully!
test wallets created successfully!
Test database setup completed!
Null idempotency key handled successfully!
]]></system-out>
  </testcase>
  <testcase name="testInsufficientBalance" classname="tests.TransferTest" time="0.118">
    <system-out><![CDATA[Test database reset successfully!
database tables created successfully!
test wallets created successfully!
Test database setup completed!
Insufficient balance handled successfully!
Wallet balances remained unchanged!
]]></system-out>
  </testcase>
  <testcase name="testTransferAmountWithMoreThanTwoDecimals" classname="tests.TransferTest" time="0.146">
    <system-out><![CDATA[Test database reset successfully!
database tables created successfully!
test wallets created successfully!
Test database setup completed!
Invalid decimal precision handled successfully!
Invalid precision transfer was not persisted!
]]></system-out>
  </testcase>
  <testcase name="testWalletTransfer" classname="tests.TransferTest" time="0.117">
    <system-out><![CDATA[Test database reset successfully!
database tables created successfully!
test wallets created successfully!
Test database setup completed!
Transfer completed successfully!
Wallet balances verified successfully!
]]></system-out>
  </testcase>
  <testcase name="testCompleteTransferDetails" classname="tests.TransferTest" time="0.1">
    <system-out><![CDATA[Test database reset successfully!
database tables created successfully!
test wallets created successfully!
Test database setup completed!
Transfer completed successfully!
Complete transfer details verified successfully!
]]></system-out>
  </testcase>
  <testcase name="testSuccessfulTransferCreatesOneRecord" classname="tests.TransferTest" time="0.14">
    <system-out><![CDATA[Test database reset successfully!
database tables created successfully!
test wallets created successfully!
Test database setup completed!
Transfer completed successfully!
Successful transfer created exactly one record!
]]></system-out>
  </testcase>
  <testcase name="testWalletCannotHaveNegativeBalance" classname="tests.TransferTest" time="0.201">
    <system-out><![CDATA[Test database reset successfully!
database tables created successfully!
test wallets created successfully!
Test database setup completed!
Negative balance prevented successfully!
Negative balance transfer was not persisted!
]]></system-out>
  </testcase>
  <testcase name="testInvalidSourceWallet" classname="tests.TransferTest" time="0.103">
    <system-out><![CDATA[Test database reset successfully!
database tables created successfully!
test wallets created successfully!
Test database setup completed!
Invalid source wallet handled successfully!
Destination wallet balance remained unchanged!
]]></system-out>
  </testcase>
  <testcase name="testBlankIdempotencyKey" classname="tests.TransferTest" time="0.131">
    <system-out><![CDATA[Test database reset successfully!
database tables created successfully!
test wallets created successfully!
Test database setup completed!
Blank idempotency key handled successfully!
]]></system-out>
  </testcase>
  <testcase name="testEmptyIdempotencyKey" classname="tests.TransferTest" time="0.139">
    <system-out><![CDATA[Test database reset successfully!
database tables created successfully!
test wallets created successfully!
Test database setup completed!
Empty idempotency key handled successfully!
]]></system-out>
  </testcase>
  <testcase name="testTransferWithDecimalAmount" classname="tests.TransferTest" time="0.126">
    <system-out><![CDATA[Test database reset successfully!
database tables created successfully!
test wallets created successfully!
Test database setup completed!
Transfer completed successfully!
Decimal transfer amount handled successfully!
]]></system-out>
  </testcase>
  <testcase name="testTransferExactAvailableBalance" classname="tests.TransferTest" time="0.113">
    <system-out><![CDATA[Test database reset successfully!
database tables created successfully!
test wallets created successfully!
Test database setup completed!
Transfer completed successfully!
Exact available balance transfer handled successfully!
]]></system-out>
  </testcase>
  <testcase name="testSuccessfulTransferStatus" classname="tests.TransferTest" time="0.111">
    <system-out><![CDATA[Test database reset successfully!
database tables created successfully!
test wallets created successfully!
Test database setup completed!
Transfer completed successfully!
Transfer status verified successfully!
]]></system-out>
  </testcase>
  <testcase name="testDuplicateTransferCreatesOnlyOneRecord" classname="tests.TransferTest" time="0.17">
    <system-out><![CDATA[Test database reset successfully!
database tables created successfully!
test wallets created successfully!
Test database setup completed!
Transfer completed successfully!
Duplicate transfer detected. Transfer ignored.
Duplicate transfer created only one record successfully!
]]></system-out>
  </testcase>
  <testcase name="testDuplicateTransfer" classname="tests.TransferTest" time="0.179">
    <system-out><![CDATA[Test database reset successfully!
database tables created successfully!
test wallets created successfully!
Test database setup completed!
Transfer completed successfully!
Duplicate transfer detected. Transfer ignored.
Duplicate transfer handled successfully!
]]></system-out>
  </testcase>
  <testcase name="testInvalidDestinationWallet" classname="tests.TransferTest" time="0.121">
    <system-out><![CDATA[Test database reset successfully!
database tables created successfully!
test wallets created successfully!
Test database setup completed!
Invalid destination wallet handled successfully!
Wallet balances remained unchanged!
]]></system-out>
  </testcase>
</testsuite>