<?xml version="1.0" encoding="UTF-8"?>
<testsuite xmlns:xsi="http://www.w3.org/2001/XMLSchema-instance" xsi:noNamespaceSchemaLocation="https://maven.apache.org/surefire/maven-surefire-plugin/xsd/surefire-test-report-3.0.xsd" version="3.0" name="tests.PostgresContainerTest" time="6.024" tests="4" errors="0" skipped="0" failures="0">
  <properties>
[...]
</properties>
  <testcase name="testDatabaseConnection" classname="tests.PostgresContainerTest" time="5.798">
    <system-out><![CDATA[Database connected successfully!
Database: walletd
]]></system-out>
    <system-err><![CDATA[[main] INFO org.testcontainers.images.PullPolicy - Image pull policy will be performed by: DefaultPullPolicy()
[main] INFO org.testcontainers.utility.ImageNameSubstitutor - Image name substitution will be performed by: DefaultImageNameSubstitutor (composite of 'ConfigurationFileImageNameSubstitutor' and 'PrefixingImageNameSubstitutor')
[main] INFO org.testcontainers.DockerClientFactory - Testcontainers version: 2.0.5
[main] INFO org.testcontainers.dockerclient.DockerClientProviderStrategy - Loaded org.testcontainers.dockerclient.NpipeSocketClientProviderStrategy from ~/.testcontainers.properties, will try it first
[main] INFO org.testcontainers.dockerclient.DockerClientProviderStrategy - Found Docker environment with local Npipe socket (npipe:////./pipe/docker_engine)
[main] INFO org.testcontainers.DockerClientFactory - Docker host IP address is localhost
[main] INFO org.testcontainers.DockerClientFactory - Connected to docker: 
  Server Version: 29.7.2
  API Version: 1.55
  Operating System: Docker Desktop
  Total Memory: 3846 MB
  Labels: 
    com.docker.desktop.address=npipe://\\.\pipe\docker_cli
[main] INFO tc.testcontainers/ryuk:0.14.0 - Creating container for image: testcontainers/ryuk:0.14.0
[main] INFO org.testcontainers.utility.RegistryAuthLocator - Credential helper/store (docker-credential-desktop) does not have credentials for https://index.docker.io/v1/
[main] INFO tc.testcontainers/ryuk:0.14.0 - Container testcontainers/ryuk:0.14.0 is starting: 1b01dbd72969fc23462ce8a78aa61e071e4703a4cac49e8a5ea58ab1b472aafc
[main] INFO tc.testcontainers/ryuk:0.14.0 - Container testcontainers/ryuk:0.14.0 started in PT1.1789103S
[main] INFO org.testcontainers.utility.RyukResourceReaper - Ryuk started - will monitor and terminate Testcontainers containers on JVM exit
[main] INFO org.testcontainers.DockerClientFactory - Checking the system...
[main] INFO org.testcontainers.DockerClientFactory - ✔︎ Docker server version should be at least 1.6.0
[main] INFO tc.postgres:16 - Creating container for image: postgres:16
[main] INFO tc.postgres:16 - Container postgres:16 is starting: 4b2c571c5618f69dc26e50c6b02004dd0f6c65150bcd5b62a15c2c871257ac3c
[main] INFO tc.postgres:16 - Container postgres:16 started in PT2.3536578S
[main] INFO tc.postgres:16 - Container is started (JDBC URL: jdbc:postgresql://localhost:51752/walletd?loggerLevel=OFF)
]]></system-err>
  </testcase>
  <testcase name="testCreateTables" classname="tests.PostgresContainerTest" time="0.052">
    <system-out><![CDATA[database tables created successfully!
Tables created successfully!
]]></system-out>
  </testcase>
  <testcase name="testCreateWallets" classname="tests.PostgresContainerTest" time="0.054">
    <system-out><![CDATA[test wallets created successfully!
Wallet test data inserted successfully!
]]></system-out>
  </testcase>
  <testcase name="testWalletBalances" classname="tests.PostgresContainerTest" time="0.074">
    <system-out><![CDATA[Wallet balances verified successfully!
]]></system-out>
  </testcase>
</testsuite>