<?xml version="1.0" encoding="UTF-8"?>
<testsuite xmlns:xsi="http://www.w3.org/2001/XMLSchema-instance" xsi:noNamespaceSchemaLocation="https://maven.apache.org/surefire/maven-surefire-plugin/xsd/surefire-test-report-3.0.xsd" version="3.0" name="tests.TransferApiTest" time="8.938" tests="34" errors="0" skipped="0" failures="0">
  <properties>
[...]
</properties>
  <testcase name="testMissingIdempotencyKeyThroughApi" classname="tests.TransferApiTest" time="2.188">
    <system-out><![CDATA[Transfer API started on port 8080
API test environment ready!
Test database reset successfully!
database tables created successfully!
test wallets created successfully!
API test database reset successfully!
Missing idempotency key response status: 400
Missing idempotency key response body: {"error":"Idempotency key must not be null or blank"}
Missing idempotency key handled correctly. Balances remain unchanged!
]]></system-out>
  </testcase>
  <testcase name="testTransferEntireSourceBalanceThroughApi" classname="tests.TransferApiTest" time="0.202">
    <system-out><![CDATA[Test database reset successfully!
database tables created successfully!
test wallets created successfully!
API test database reset successfully!
Transfer completed successfully!
Full balance transfer response status: 200
Full balance transfer response body: {"status":"completed"}
Entire source wallet balance transferred successfully.
]]></system-out>
  </testcase>
  <testcase name="testSuccessfulTransferThroughApi" classname="tests.TransferApiTest" time="0.214">
    <system-out><![CDATA[Test database reset successfully!
database tables created successfully!
test wallets created successfully!
API test database reset successfully!
Transfer completed successfully!
API response status: 200
API response body: {"status":"completed"}
API response, wallet balances and transfer database record verified successfully!
]]></system-out>
  </testcase>
  <testcase name="testSuccessfulDecimalTransferThroughApi" classname="tests.TransferApiTest" time="0.184">
    <system-out><![CDATA[Test database reset successfully!
database tables created successfully!
test wallets created successfully!
API test database reset successfully!
Transfer completed successfully!
Decimal transfer handled correctly.
]]></system-out>
  </testcase>
  <testcase name="testVeryLongIdempotencyKeyThroughApi" classname="tests.TransferApiTest" time="0.151">
    <system-out><![CDATA[Test database reset successfully!
database tables created successfully!
test wallets created successfully!
API test database reset successfully!
Long idempotency key response status: 400
Long idempotency key response body: {"error":"ERROR: value too long for type character varying(100)"}
Very long idempotency key handled correctly.
]]></system-out>
  </testcase>
  <testcase name="testDuplicateTransferThroughApi" classname="tests.TransferApiTest" time="0.193">
    <system-out><![CDATA[Test database reset successfully!
database tables created successfully!
test wallets created successfully!
API test database reset successfully!
Transfer completed successfully!
First response: {"status":"completed"}
Duplicate transfer detected. Transfer ignored.
Second response: {"status":"completed"}
Duplicate API request handled correctly with exactly one transfer!
]]></system-out>
  </testcase>
  <testcase name="testTransactionRollbackThroughApi" classname="tests.TransferApiTest" time="0.151">
    <system-out><![CDATA[Test database reset successfully!
database tables created successfully!
test wallets created successfully!
API test database reset successfully!
Transaction rollback verified successfully.
]]></system-out>
  </testcase>
  <testcase name="testTransferStatusInDatabase" classname="tests.TransferApiTest" time="0.129">
    <system-out><![CDATA[Test database reset successfully!
database tables created successfully!
test wallets created successfully!
API test database reset successfully!
Transfer completed successfully!
Transfer status verified successfully.
]]></system-out>
  </testcase>
  <testcase name="testZeroWalletIdThroughApi" classname="tests.TransferApiTest" time="0.178">
    <system-out><![CDATA[Test database reset successfully!
database tables created successfully!
test wallets created successfully!
API test database reset successfully!
Zero wallet ID response status: 400
Zero wallet ID response body: {"error":"Source wallet not found: 0"}
Zero wallet ID handled correctly.
]]></system-out>
  </testcase>
  <testcase name="testNegativeAmountThroughApi" classname="tests.TransferApiTest" time="0.139">
    <system-out><![CDATA[Test database reset successfully!
database tables created successfully!
test wallets created successfully!
API test database reset successfully!
Negative amount handled correctly.
]]></system-out>
  </testcase>
  <testcase name="testMissingSourceWalletIdThroughApi" classname="tests.TransferApiTest" time="0.089">
    <system-out><![CDATA[Test database reset successfully!
database tables created successfully!
test wallets created successfully!
API test database reset successfully!
Missing source wallet ID handled correctly.
]]></system-out>
  </testcase>
  <testcase name="testConcurrentTransfersThroughApi" classname="tests.TransferApiTest" time="0.17">
    <system-out><![CDATA[Test database reset successfully!
database tables created successfully!
test wallets created successfully!
API test database reset successfully!
Transfer completed successfully!
Concurrent request 1: 200 - {"status":"completed"}
Concurrent request 2: 400 - {"error":"Insufficient balance in wallet: 1001"}
Final source balance: 300.00
Final destination balance: 1200.00
Concurrent transfers handled correctly. Wallet was not overdrawn!
]]></system-out>
  </testcase>
  <testcase name="testMalformedJson" classname="tests.TransferApiTest" time="0.139">
    <system-out><![CDATA[Test database reset successfully!
database tables created successfully!
test wallets created successfully!
API test database reset successfully!
Malformed JSON response status: 400
Malformed JSON response body: {"error":"Malformed JSON request"}
Malformed JSON handled correctly. Balances unchanged and no transfer record created!
]]></system-out>
  </testcase>
  <testcase name="testSameSourceAndDestinationWalletThroughApi" classname="tests.TransferApiTest" time="0.125">
    <system-out><![CDATA[Test database reset successfully!
database tables created successfully!
test wallets created successfully!
API test database reset successfully!
Same wallet response status: 400
Same wallet response body: {"error":"Source and destination wallets cannot be the same"}
Same source and destination wallet handled correctly. Balance unchanged and no transfer record created!
]]></system-out>
  </testcase>
  <testcase name="testUnknownJsonFieldThroughApi" classname="tests.TransferApiTest" time="0.208">
    <system-out><![CDATA[Test database reset successfully!
database tables created successfully!
test wallets created successfully!
API test database reset successfully!
Transfer completed successfully!
Unknown field response status: 200
Unknown field response body: {"status":"completed"}
Unknown JSON field handled correctly.
]]></system-out>
  </testcase>
  <testcase name="testIdempotencyKeyReuseWithDifferentRequestThroughApi" classname="tests.TransferApiTest" time="0.263">
    <system-out><![CDATA[Test database reset successfully!
database tables created successfully!
test wallets created successfully!
API test database reset successfully!
Transfer completed successfully!
First request status: 200
First request body: {"status":"completed"}
Duplicate transfer detected. Transfer ignored.
Second request status: 200
Second request body: {"status":"completed"}
Idempotency key reuse handled correctly. Only the original transfer was processed.
]]></system-out>
  </testcase>
  <testcase name="testTransferDetailsInDatabase" classname="tests.TransferApiTest" time="0.12">
    <system-out><![CDATA[Test database reset successfully!
database tables created successfully!
test wallets created successfully!
API test database reset successfully!
Transfer completed successfully!
Transfer details verified successfully.
]]></system-out>
  </testcase>
  <testcase name="testMissingDestinationWalletId" classname="tests.TransferApiTest" time="0.149">
    <system-out><![CDATA[Test database reset successfully!
database tables created successfully!
test wallets created successfully!
API test database reset successfully!
Missing destination wallet response status: 400
Missing destination wallet response body: {"error":"Missing required field: destination_wallet_id"}
Missing destination wallet ID handled correctly. Balances unchanged and no transfer record created!
]]></system-out>
  </testcase>
  <testcase name="testAmountWithMoreThanTwoDecimalPlaces" classname="tests.TransferApiTest" time="0.151">
    <system-out><![CDATA[Test database reset successfully!
database tables created successfully!
test wallets created successfully!
API test database reset successfully!
Amount with more than two decimal places handled correctly.
]]></system-out>
  </testcase>
  <testcase name="testTransferAmountSlightlyGreaterThanBalanceThroughApi" classname="tests.TransferApiTest" time="0.214">
    <system-out><![CDATA[Test database reset successfully!
database tables created successfully!
test wallets created successfully!
API test database reset successfully!
Balance exceeded response status: 400
Balance exceeded response body: {"error":"Insufficient balance in wallet: 1001"}
Transfer exceeding available balance by one cent handled correctly.
]]></system-out>
  </testcase>
  <testcase name="testInvalidSourceWalletIdThroughApi" classname="tests.TransferApiTest" time="0.156">
    <system-out><![CDATA[Test database reset successfully!
database tables created successfully!
test wallets created successfully!
API test database reset successfully!
Invalid source wallet ID response status: 400
Invalid source wallet ID response body: {"error":"For input string: \"abc\""}
Invalid source wallet ID handled correctly.
]]></system-out>
  </testcase>
  <testcase name="testMissingSource_WalletIdThroughApi" classname="tests.TransferApiTest" time="0.285">
    <system-out><![CDATA[Test database reset successfully!
database tables created successfully!
test wallets created successfully!
API test database reset successfully!
Missing source wallet ID response status: 400
Missing source wallet ID response body: {"error":"Missing required field: source_wallet_id"}
Missing source wallet ID handled correctly.
]]></system-out>
  </testcase>
  <testcase name="testConcurrentDuplicateTransfersThroughApi" classname="tests.TransferApiTest" time="0.469">
    <system-out><![CDATA[Test database reset successfully!
database tables created successfully!
test wallets created successfully!
API test database reset successfully!
Transfer completed successfully!
Duplicate transfer detected. Transfer ignored.
Concurrent response status: 200
Concurrent response body: {"status":"completed"}
Duplicate transfer detected. Transfer ignored.
Duplicate transfer detected. Transfer ignored.
Duplicate transfer detected. Transfer ignored.
Concurrent response status: 200
Concurrent response body: {"status":"completed"}
Concurrent response status: 200
Concurrent response body: {"status":"completed"}
Concurrent response status: 200
Concurrent response body: {"status":"completed"}
Concurrent response status: 200
Concurrent response body: {"status":"completed"}
Concurrent duplicate requests handled correctly. Exactly one transfer was processed.
]]></system-out>
  </testcase>
  <testcase name="testInsufficientBalanceThroughApi" classname="tests.TransferApiTest" time="0.338">
    <system-out><![CDATA[Test database reset successfully!
database tables created successfully!
test wallets created successfully!
API test database reset successfully!
Insufficient balance response status: 400
Insufficient balance response body: {"error":"Insufficient balance in wallet: 1001"}
Insufficient balance handled correctly. Balances unchanged and no transfer record created!
]]></system-out>
  </testcase>
  <testcase name="testMinimumValidTransferAmountThroughApi" classname="tests.TransferApiTest" time="0.162">
    <system-out><![CDATA[Test database reset successfully!
database tables created successfully!
test wallets created successfully!
API test database reset successfully!
Transfer completed successfully!
Minimum amount response status: 200
Minimum amount response body: {"status":"completed"}
Minimum valid transfer amount of 0.01 handled correctly.
]]></system-out>
  </testcase>
  <testcase name="testDestinationWalletNotFoundThroughApi" classname="tests.TransferApiTest" time="0.159">
    <system-out><![CDATA[Test database reset successfully!
database tables created successfully!
test wallets created successfully!
API test database reset successfully!
Destination wallet not found handled correctly and transaction rolled back.
]]></system-out>
  </testcase>
  <testcase name="testBlankIdempotencyKeyThroughApi" classname="tests.TransferApiTest" time="0.134">
    <system-out><![CDATA[Test database reset successfully!
database tables created successfully!
test wallets created successfully!
API test database reset successfully!
Blank idempotency key response status: 400
Blank idempotency key response body: {"error":"Idempotency key must not be null or blank"}
Blank idempotency key handled correctly. Balances remain unchanged!
]]></system-out>
  </testcase>
  <testcase name="testZeroAmountThroughApi" classname="tests.TransferApiTest" time="0.17">
    <system-out><![CDATA[Test database reset successfully!
database tables created successfully!
test wallets created successfully!
API test database reset successfully!
Zero amount response status: 400
Zero amount response body: {"error":"Transfer amount must be greater than zero"}
Zero amount handled correctly. Balances unchanged and no transfer record created!
]]></system-out>
  </testcase>
  <testcase name="testInvalidAmountThroughApi" classname="tests.TransferApiTest" time="0.167">
    <system-out><![CDATA[Test database reset successfully!
database tables created successfully!
test wallets created successfully!
API test database reset successfully!
Invalid amount response status: 400
Invalid amount response body: {"error":"Character a is neither a decimal digit number, decimal point, nor \"e\" notation exponential mark."}
Invalid amount handled correctly.
]]></system-out>
  </testcase>
  <testcase name="testMissingAmountThroughApi" classname="tests.TransferApiTest" time="0.113">
    <system-out><![CDATA[Test database reset successfully!
database tables created successfully!
test wallets created successfully!
API test database reset successfully!
Missing amount handled correctly.
]]></system-out>
  </testcase>
  <testcase name="testSourceWalletNotFound" classname="tests.TransferApiTest" time="0.16">
    <system-out><![CDATA[Test database reset successfully!
database tables created successfully!
test wallets created successfully!
API test database reset successfully!
Source wallet not found response status: 400
Source wallet not found response body: {"error":"Source wallet not found: 9999"}
Source wallet not found handled correctly. Destination balance unchanged and no transfer record created!
]]></system-out>
  </testcase>
  <testcase name="testGetMethodNotAllowed" classname="tests.TransferApiTest" time="0.122">
    <system-out><![CDATA[Test database reset successfully!
database tables created successfully!
test wallets created successfully!
API test database reset successfully!
GET method correctly rejected with 405.
]]></system-out>
  </testcase>
  <testcase name="testMissingContentTypeThroughApi" classname="tests.TransferApiTest" time="0.168">
    <system-out><![CDATA[Test database reset successfully!
database tables created successfully!
test wallets created successfully!
API test database reset successfully!
Missing content type response status: 400
Missing content type response body: {"error":"Content-Type must be application/json"}
Missing content type handled correctly. Balances unchanged and no transfer record created!
]]></system-out>
  </testcase>
  <testcase name="testInvalidContentTypeThroughApi" classname="tests.TransferApiTest" time="0.148">
    <system-out><![CDATA[Test database reset successfully!
database tables created successfully!
test wallets created successfully!
API test database reset successfully!
Invalid content type response status: 400
Invalid content type response body: {"error":"Content-Type must be application/json"}
Invalid content type handled correctly. Balances unchanged and no transfer record created!
]]></system-out>
  </testcase>
</testsuite>